#
# A fatal error has been detected by the Java Runtime Environment:
#
#  EXCEPTION_ACCESS_VIOLATION (0xc0000005) at pc=0x00007ffffa890fac, pid=10272, tid=24836
#
# JRE version: Java(TM) SE Runtime Environment (17.0.12+8) (build 17.0.12+8-LTS-286)
# Java VM: Java HotSpot(TM) 64-Bit Server VM (17.0.12+8-LTS-286, mixed mode, sharing, tiered, compressed oops, compressed class ptrs, g1 gc, windows-amd64)
# Problematic frame:
# V  [jvm.dll+0x6e0fac]
#
# No core dump will be written. Minidumps are not enabled by default on client versions of Windows
#
# If you would like to submit a bug report, please visit:
#   https://bugreport.java.com/bugreport/crash.jsp
#

---------------  S U M M A R Y ------------

Command Line: -Dclassworlds.conf=C:\Program Files\apache-maven-3.9.9\bin\m2.conf -Dmaven.home=C:\Program Files\apache-maven-3.9.9 -Dlibrary.jansi.path=C:\Program Files\apache-maven-3.9.9\lib\jansi-native -Dmaven.multiModuleProjectDirectory=C:\Users\hp\IdeaProjects\CMO connect\backend-web org.codehaus.plexus.classworlds.launcher.Launcher spring-boot:run

Host: Intel(R) Core(TM) i7-10750H CPU @ 2.60GHz, 12 cores, 15G,  Windows 11 , 64 bit Build 22621 (10.0.22621.5124)
Time: Fri Apr 11 13:08:14 2025 Maroc (heure d64 bit Build 22621 (10.0.22621.5124) elapsed time: 8.356533 seconds (0d 0h 0m 8s)

---------------  T H R E A D  ---------------

Current thread (0x0000023cfb2f9680):  JavaThread "main" [_thread_in_vm, id=24836, stack(0x000000e1a4700000,0x000000e1a4800000)]

Stack: [0x000000e1a4700000,0x000000e1a4800000],  sp=0x000000e1a47fc040,  free space=1008k
Native frames: (J=compiled Java code, j=interpreted, Vv=VM code, C=native code)
V  [jvm.dll+0x6e0fac]
V  [jvm.dll+0x6e0e9f]
V  [jvm.dll+0x381a0c]
C  0x0000023c8ed2c2be

Java frames: (J=compiled Java code, j=interpreted, Vv=VM code)
j  org.apache.maven.model.interpolation.StringVisitorModelInterpolator$ModelVisitor.visit(Lorg/apache/maven/model/DependencyManagement;)V+29
j  org.apache.maven.model.interpolation.StringVisitorModelInterpolator$ModelVisitor.visit(Lorg/apache/maven/model/ModelBase;)V+33
j  org.apache.maven.model.interpolation.StringVisitorModelInterpolator$ModelVisitor.visit(Lorg/apache/maven/model/Model;)V+6
j  org.apache.maven.model.interpolation.StringVisitorModelInterpolator.interpolateModel(Lorg/apache/maven/model/Model;Ljava/io/File;Lorg/apache/maven/model/building/ModelBuildingRequest;Lorg/apache/maven/model/building/ModelProblemCollector;)Lorg/apache/maven/model/Model;+42
j  org.apache.maven.model.building.DefaultModelBuilder.interpolateModel(Lorg/apache/maven/model/Model;Lorg/apache/maven/model/building/ModelBuildingRequest;Lorg/apache/maven/model/building/ModelProblemCollector;)Lorg/apache/maven/model/Model;+19
j  org.apache.maven.model.building.DefaultModelBuilder.build(Lorg/apache/maven/model/building/ModelBuildingRequest;Ljava/util/Collection;)Lorg/apache/maven/model/building/ModelBuildingResult;+907
j  org.apache.maven.model.building.DefaultModelBuilder.build(Lorg/apache/maven/model/building/ModelBuildingRequest;)Lorg/apache/maven/model/building/ModelBuildingResult;+9
j  org.apache.maven.project.DefaultProjectBuilder.build(Ljava/io/File;Lorg/apache/maven/model/building/ModelSource;Lorg/apache/maven/project/DefaultProjectBuilder$InternalConfig;)Lorg/apache/maven/project/ProjectBuildingResult;+116
j  org.apache.maven.project.DefaultProjectBuilder.build(Lorg/apache/maven/artifact/Artifact;ZLorg/apache/maven/project/ProjectBuildingRequest;)Lorg/apache/maven/project/ProjectBuildingResult;+266
j  org.apache.maven.project.DefaultProjectBuilder.build(Lorg/apache/maven/artifact/Artifact;Lorg/apache/maven/project/ProjectBuildingRequest;)Lorg/apache/maven/project/ProjectBuildingResult;+4
j  org.apache.maven.project.DefaultProjectBuilder.initParent(Lorg/apache/maven/project/MavenProject;Ljava/util/Map;ZLorg/apache/maven/model/building/ModelBuildingResult;Lorg/apache/maven/project/ProjectBuildingRequest;)V+300
j  org.apache.maven.project.DefaultProjectBuilder.initProject(Lorg/apache/maven/project/MavenProject;Ljava/util/Map;ZLorg/apache/maven/model/building/ModelBuildingResult;Ljava/util/Map;Lorg/apache/maven/project/ProjectBuildingRequest;)V+43
j  org.apache.maven.project.DefaultProjectBuilder.build(Ljava/io/File;Lorg/apache/maven/model/building/ModelSource;Lorg/apache/maven/project/DefaultProjectBuilder$InternalConfig;)Lorg/apache/maven/project/ProjectBuildingResult;+202
j  org.apache.maven.project.DefaultProjectBuilder.build(Lorg/apache/maven/artifact/Artifact;ZLorg/apache/maven/project/ProjectBuildingRequest;)Lorg/apache/maven/project/ProjectBuildingResult;+266
j  org.apache.maven.project.DefaultProjectBuilder.build(Lorg/apache/maven/artifact/Artifact;Lorg/apache/maven/project/ProjectBuildingRequest;)Lorg/apache/maven/project/ProjectBuildingResult;+4
j  org.apache.maven.project.DefaultProjectBuilder.initParent(Lorg/apache/maven/project/MavenProject;Ljava/util/Map;ZLorg/apache/maven/model/building/ModelBuildingResult;Lorg/apache/maven/project/ProjectBuildingRequest;)V+300
j  org.apache.maven.project.DefaultProjectBuilder.initProject(Lorg/apache/maven/project/MavenProject;Ljava/util/Map;ZLorg/apache/maven/model/building/ModelBuildingResult;Ljava/util/Map;Lorg/apache/maven/project/ProjectBuildingRequest;)V+43
j  org.apache.maven.project.DefaultProjectBuilder.build(Ljava/util/List;Ljava/util/List;Ljava/util/Map;Ljava/util/List;Lorg/apache/maven/project/ProjectBuildingRequest;Ljava/util/Map;Lorg/eclipse/aether/RepositorySystemSession;)Z+76
j  org.apache.maven.project.DefaultProjectBuilder.build(Ljava/util/List;ZLorg/apache/maven/project/ProjectBuildingRequest;)Ljava/util/List;+146
j  org.apache.maven.graph.DefaultGraphBuilder.collectProjects(Ljava/util/List;Ljava/util/List;Lorg/apache/maven/execution/MavenExecutionRequest;)V+21
j  org.apache.maven.graph.DefaultGraphBuilder.getProjectsForMavenReactor(Lorg/apache/maven/execution/MavenSession;)Ljava/util/List;+131
j  org.apache.maven.graph.DefaultGraphBuilder.build(Lorg/apache/maven/execution/MavenSession;)Lorg/apache/maven/model/building/Result;+12
j  org.apache.maven.DefaultMaven.buildGraph(Lorg/apache/maven/execution/MavenSession;Lorg/apache/maven/execution/MavenExecutionResult;)Lorg/apache/maven/model/building/Result;+5
j  org.apache.maven.DefaultMaven.doExecute(Lorg/apache/maven/execution/MavenExecutionRequest;Lorg/apache/maven/execution/MavenSession;Lorg/apache/maven/execution/MavenExecutionResult;Lorg/eclipse/aether/DefaultRepositorySystemSession;)Lorg/apache/maven/execution/MavenExecutionResult;+75
j  org.apache.maven.DefaultMaven.doExecute(Lorg/apache/maven/execution/MavenExecutionRequest;)Lorg/apache/maven/execution/MavenExecutionResult;+98
j  org.apache.maven.DefaultMaven.execute(Lorg/apache/maven/execution/MavenExecutionRequest;)Lorg/apache/maven/execution/MavenExecutionResult;+2
j  org.apache.maven.cli.MavenCli.execute(Lorg/apache/maven/cli/CliRequest;)I+27
j  org.apache.maven.cli.MavenCli.doMain(Lorg/apache/maven/cli/CliRequest;)I+66
j  org.apache.maven.cli.MavenCli.main([Ljava/lang/String;Lorg/codehaus/plexus/classworlds/ClassWorld;)I+24
v  ~StubRoutines::call_stub
j  jdk.internal.reflect.NativeMethodAccessorImpl.invoke0(Ljava/lang/reflect/Method;Ljava/lang/Object;[Ljava/lang/Object;)Ljava/lang/Object;+0 java.base@17.0.12
j  jdk.internal.reflect.NativeMethodAccessorImpl.invoke(Ljava/lang/Object;[Ljava/lang/Object;)Ljava/lang/Object;+133 java.base@17.0.12
j  jdk.internal.reflect.DelegatingMethodAccessorImpl.invoke(Ljava/lang/Object;[Ljava/lang/Object;)Ljava/lang/Object;+6 java.base@17.0.12
j  java.lang.reflect.Method.invoke(Ljava/lang/Object;[Ljava/lang/Object;)Ljava/lang/Object;+59 java.base@17.0.12
j  org.codehaus.plexus.classworlds.launcher.Launcher.launchEnhanced([Ljava/lang/String;)V+45
j  org.codehaus.plexus.classworlds.launcher.Launcher.launch([Ljava/lang/String;)V+2
j  org.codehaus.plexus.classworlds.launcher.Launcher.mainWithExitCode([Ljava/lang/String;)I+108
j  org.codehaus.plexus.classworlds.launcher.Launcher.main([Ljava/lang/String;)V+1
v  ~StubRoutines::call_stub

siginfo: EXCEPTION_ACCESS_VIOLATION (0xc0000005), reading address 0x0000000000000088


Registers:
RAX=0x0000000000000000, RBX=0x000000000000002a, RCX=0x0000023ca00d7010, RDX=0x0000000000000000
RSP=0x000000e1a47fc040, RBP=0x0000023cfb2f9b70, RSI=0xffffffffffffffff, RDI=0x0000023ca00d7010
R8 =0x0000023cfb2f9b70, R9 =0x0000000000000021, R10=0x0000000000000019, R11=0x00000000e20b026d
R12=0x00007ffffa9e9bef, R13=0x0000023ca00f7010, R14=0x00007ffffa9e9bef, R15=0x00007ffffaa6a9e8
RIP=0x00007ffffa890fac, EFLAGS=0x0000000000010202


Register to memory mapping:

RIP=0x00007ffffa890fac jvm.dll
RAX=0x0 is NULL
RBX=0x000000000000002a is an unknown value
RCX=0x0000023ca00d7010 is pointing into metadata
RDX=0x0 is NULL
RSP=0x000000e1a47fc040 is pointing into the stack for thread: 0x0000023cfb2f9680
RBP=0x0000023cfb2f9b70 points into unknown readable memory: 0x636170612e67726f | 6f 72 67 2e 61 70 61 63
RSI=0xffffffffffffffff is an unknown value
RDI=0x0000023ca00d7010 is pointing into metadata
R8 =0x0000023cfb2f9b70 points into unknown readable memory: 0x636170612e67726f | 6f 72 67 2e 61 70 61 63
R9 =0x0000000000000021 is an unknown value
R10=0x0000000000000019 is an unknown value
R11=3792372333 is a compressed pointer to object: java.util.ArrayList 
{0x0000000710581368} - klass: 'java/util/ArrayList'
 - ---- fields (total size 3 words):
 - protected transient 'modCount' 'I' @12  410 (19a)
 - private 'size' 'I' @16  410 (19a)
 - transient 'elementData' '[Ljava/lang/Object;' @20  a 'java/lang/Object'[549] {0x000000071058b500} (e20b16a0)
R12=0x00007ffffa9e9bef jvm.dll
R13=0x0000023ca00f7010 is a pointer to class: 
org.apache.maven.model.Dependency {0x0000023ca00f7018}
 - instance size:     12
 - klass size:        97
 - access:            public synchronized 
 - state:             fully_initialized
 - name:              'org/apache/maven/model/Dependency'
 - super:             'java/lang/Object'
 - sub:               
 - arrays:            NULL
 - methods:           Array<T>(0x0000023ce086a9c0)
 - method ordering:   Array<T>(0x0000023c9f8fb090)
 - default_methods:   Array<T>(0x0000000000000000)
 - local interfaces:  Array<T>(0x0000023ce086a898)
 - trans. interfaces: Array<T>(0x0000023ce086a898)
 - constants:         constant pool [281] {0x0000023ce0869ee8} for 'org/apache/maven/model/Dependency' cache=0x0000023ce0cdeb18
 - class loader data:  loader data: 0x0000023c9e792710 for instance a 'org/codehaus/plexus/classworlds/realm/ClassRealm'{0x0000000703601c90}
 - source file:       'Dependency.java'
 - class annotations:       Array<T>(0x0000000000000000)
 - class type annotations:  Array<T>(0x0000000000000000)
 - field annotations:       Array<T>(0x0000000000000000)
 - field type annotations:  Array<T>(0x0000000000000000)
 - inner classes:     Array<T>(0x0000023c9f5d1e80)
 - nest members:     Array<T>(0x0000023c9f5d1e80)
 - permitted subclasses:     Array<T>(0x0000023c9f5d1e80)
 - java mirror:       a 'java/lang/Class'{0x000000071127a2c8} = 'org/apache/maven/model/Dependency'
 - vtable length      33  (start addr: 0x0000023ca00f71d8)
 - itable length      6 (start addr: 0x0000023ca00f72e0)
 - ---- static fields (0 words):
 - ---- non-static fields (21 words):
 - private 'groupId' 'Ljava/lang/String;' @12 
 - private 'artifactId' 'Ljava/lang/String;' @16 
 - private 'version' 'Ljava/lang/String;' @20 
 - private 'type' 'Ljava/lang/String;' @24 
 - private 'classifier' 'Ljava/lang/String;' @28 
 - private 'scope' 'Ljava/lang/String;' @32 
 - private 'systemPath' 'Ljava/lang/String;' @36 
 - private 'exclusions' 'Ljava/util/List;' @40 
 - private 'optional' 'Ljava/lang/String;' @44 
 - private 'locations' 'Ljava/util/Map;' @48 
 - private 'location' 'Lorg/apache/maven/model/InputLocation;' @52 
 - private 'groupIdLocation' 'Lorg/apache/maven/model/InputLocation;' @56 
 - private 'artifactIdLocation' 'Lorg/apache/maven/model/InputLocation;' @60 
 - private 'versionLocation' 'Lorg/apache/maven/model/InputLocation;' @64 
 - private 'typeLocation' 'Lorg/apache/maven/model/InputLocation;' @68 
 - private 'classifierLocation' 'Lorg/apache/maven/model/InputLocation;' @72 
 - private 'scopeLocation' 'Lorg/apache/maven/model/InputLocation;' @76 
 - private 'systemPathLocation' 'Lorg/apache/maven/model/InputLocation;' @80 
 - private 'exclusionsLocation' 'Lorg/apache/maven/model/InputLocation;' @84 
 - private 'optionalLocation' 'Lorg/apache/maven/model/InputLocation;' @88 
 - private 'managementKey' 'Ljava/lang/String;' @92 
 - non-static oop maps: 12-92 
R14=0x00007ffffa9e9bef jvm.dll
R15=0x00007ffffaa6a9e8 jvm.dll


Top of Stack: (sp=0x000000e1a47fc040)
0x000000e1a47fc040:   000000e1a47fc0f0 00007ffffa334f1d
0x000000e1a47fc050:   66697472613c2020 616d3e6449746361
0x000000e1a47fc060:   6f7365722d6e6576 6c702d7365637275
0x000000e1a47fc070:   000000e1a47fd498 0000023c8ed2c267
0x000000e1a47fc080:   0000023cfb2f9b70 00000000000003d8
0x000000e1a47fc090:   0000023ce0d35585 0000023cfb2f9f48
0x000000e1a47fc0a0:   0000023ca00f7010 00007ffffa890e9f
0x000000e1a47fc0b0:   0000023ca00d7010 0000023ce0d35585
0x000000e1a47fc0c0:   0000023ca00d7010 0000023ce0d355c8
0x000000e1a47fc0d0:   0000023ce0d306c0 0000023cfb2f9680
0x000000e1a47fc0e0:   0000023ce0d306c0 673c202020202020
0x000000e1a47fc0f0:   0000000000000000 0000000000000000
0x000000e1a47fc100:   0000000000000000 3c736e6900000002
0x000000e1a47fc110:   0000000000000000 0000000000000000
0x000000e1a47fc120:   000000e1a47fd498 0000023c8ed2c267
0x000000e1a47fc130:   0000023c8ed28e10 7265763c00000000 

Instructions: (pc=0x00007ffffa890fac)
0x00007ffffa890eac:   48 8b c3 48 8b 8c 24 40 13 00 00 48 33 cc e8 91
0x00007ffffa890ebc:   56 15 00 48 8b 9c 24 80 13 00 00 48 81 c4 50 13
0x00007ffffa890ecc:   00 00 5f 5e 5d c3 cc cc cc cc cc cc cc cc cc cc
0x00007ffffa890edc:   cc cc cc cc 48 89 5c 24 10 48 89 6c 24 18 48 89
0x00007ffffa890eec:   74 24 20 48 89 4c 24 08 57 41 54 41 55 41 56 41
0x00007ffffa890efc:   57 48 83 ec 40 49 8b d8 4c 8b ea 48 8b f9 e8 21
0x00007ffffa890f0c:   cc e5 ff 4c 8b f8 4d 85 ed 75 54 48 8b cb e8 31
0x00007ffffa890f1c:   6a 06 00 48 c7 c6 ff ff ff ff 48 8b e8 48 8b de
0x00007ffffa890f2c:   0f 1f 40 00 48 ff c3 41 80 3c 1f 00 75 f6 48 8b
0x00007ffffa890f3c:   c6 0f 1f 00 48 ff c0 80 3c 28 00 75 f7 48 03 d8
0x00007ffffa890f4c:   45 33 c0 33 d2 48 8b cf e8 f7 c3 e5 ff 4c 8d 35
0x00007ffffa890f5c:   8f 8c 15 00 48 8b f8 4d 8b e6 e9 93 00 00 00 49
0x00007ffffa890f6c:   8b cd e8 bd cb e5 ff 48 c7 c6 ff ff ff ff 48 8b
0x00007ffffa890f7c:   e8 48 8b de 48 ff c3 41 80 3c 1f 00 75 f6 48 8b
0x00007ffffa890f8c:   c6 0f 1f 00 48 ff c0 80 3c 28 00 75 f7 48 03 d8
0x00007ffffa890f9c:   4c 8d 35 4c 8c 15 00 48 8b 07 48 8b cf 4d 8b e6
0x00007ffffa890fac:   ff 90 88 00 00 00 49 8b 55 00 49 8b cd 48 8b f8
0x00007ffffa890fbc:   ff 92 88 00 00 00 45 33 c0 48 3b f8 75 15 49 8b
0x00007ffffa890fcc:   d5 4c 8b 6c 24 70 49 8b cd e8 16 d0 e5 ff 48 8b
0x00007ffffa890fdc:   f8 eb 32 48 8b 4c 24 70 33 d2 e8 65 c3 e5 ff 45
0x00007ffffa890fec:   33 c0 33 d2 49 8b cd 48 8b f8 e8 55 c3 e5 ff 4c
0x00007ffffa890ffc:   8b e0 4d 85 ed 48 8d 05 e0 a9 1f 00 4c 8b 6c 24
0x00007ffffa89100c:   70 4c 0f 45 f0 48 8b ce 48 ff c1 41 80 3c 0e 00
0x00007ffffa89101c:   75 f6 48 8b c6 48 ff c0 41 80 3c 04 00 75 f6 48
0x00007ffffa89102c:   03 c3 66 90 48 ff c6 80 3c 37 00 75 f7 48 03 c1
0x00007ffffa89103c:   ba 01 00 00 00 48 03 f0 48 8d 4e 23 e8 93 f6 fe
0x00007ffffa89104c:   ff 48 8b d8 48 85 c0 75 0a 49 8b cd e8 d3 ca e5
0x00007ffffa89105c:   ff eb 2d 4c 89 64 24 38 4c 8d 05 fd 96 27 00 4c
0x00007ffffa89106c:   89 74 24 30 48 8d 56 23 48 89 7c 24 28 4d 8b cf
0x00007ffffa89107c:   48 8b cb 48 89 6c 24 20 e8 97 43 d4 ff 48 8b c3
0x00007ffffa89108c:   4c 8d 5c 24 40 49 8b 5b 38 49 8b 6b 40 49 8b 73
0x00007ffffa89109c:   48 49 8b e3 41 5f 41 5e 41 5d 41 5c 5f c3 cc cc 


Stack slot to memory mapping:
stack at sp + 0 slots: 0x000000e1a47fc0f0 is pointing into the stack for thread: 0x0000023cfb2f9680
stack at sp + 1 slots: 0x00007ffffa334f1d jvm.dll
stack at sp + 2 slots: 0x66697472613c2020 is an unknown value
stack at sp + 3 slots: 0x616d3e6449746361 is an unknown value
stack at sp + 4 slots: 0x6f7365722d6e6576 is an unknown value
stack at sp + 5 slots: 0x6c702d7365637275 is an unknown value
stack at sp + 6 slots: 0x000000e1a47fd498 is pointing into the stack for thread: 0x0000023cfb2f9680
stack at sp + 7 slots: 0x0000023c8ed2c267 is at code_begin+615 in an Interpreter codelet
throw exception entrypoints  [0x0000023c8ed2c000, 0x0000023c8ed2c4a0]  1184 bytes


---------------  P R O C E S S  ---------------

Threads class SMR info:
_java_thread_list=0x0000023ce50c95d0, length=15, elements={
0x0000023cfb2f9680, 0x0000023cffd868e0, 0x0000023cffd87760, 0x0000023c9e78e870,
0x0000023c9e78f430, 0x0000023c9e793e10, 0x0000023c9e7947d0, 0x0000023c9e7978b0,
0x0000023c9e79c780, 0x0000023c9e7c70c0, 0x0000023c9e8e6370, 0x0000023c9e8f3260,
0x0000023ce4f59740, 0x0000023ce4165b10, 0x0000023ce41665b0
}

Java Threads: ( => current thread )
=>0x0000023cfb2f9680 JavaThread "main" [_thread_in_vm, id=24836, stack(0x000000e1a4700000,0x000000e1a4800000)]
  0x0000023cffd868e0 JavaThread "Reference Handler" daemon [_thread_blocked, id=15184, stack(0x000000e1a4e00000,0x000000e1a4f00000)]
  0x0000023cffd87760 JavaThread "Finalizer" daemon [_thread_blocked, id=15716, stack(0x000000e1a4f00000,0x000000e1a5000000)]
  0x0000023c9e78e870 JavaThread "Signal Dispatcher" daemon [_thread_blocked, id=5980, stack(0x000000e1a5000000,0x000000e1a5100000)]
  0x0000023c9e78f430 JavaThread "Attach Listener" daemon [_thread_blocked, id=5272, stack(0x000000e1a5100000,0x000000e1a5200000)]
  0x0000023c9e793e10 JavaThread "Service Thread" daemon [_thread_blocked, id=18980, stack(0x000000e1a5200000,0x000000e1a5300000)]
  0x0000023c9e7947d0 JavaThread "Monitor Deflation Thread" daemon [_thread_blocked, id=1784, stack(0x000000e1a5300000,0x000000e1a5400000)]
  0x0000023c9e7978b0 JavaThread "C2 CompilerThread0" daemon [_thread_blocked, id=9712, stack(0x000000e1a5400000,0x000000e1a5500000)]
  0x0000023c9e79c780 JavaThread "C1 CompilerThread0" daemon [_thread_blocked, id=10496, stack(0x000000e1a5500000,0x000000e1a5600000)]
  0x0000023c9e7c70c0 JavaThread "Sweeper thread" daemon [_thread_blocked, id=19080, stack(0x000000e1a5600000,0x000000e1a5700000)]
  0x0000023c9e8e6370 JavaThread "Notification Thread" daemon [_thread_blocked, id=25464, stack(0x000000e1a5700000,0x000000e1a5800000)]
  0x0000023c9e8f3260 JavaThread "Common-Cleaner" daemon [_thread_blocked, id=2616, stack(0x000000e1a5900000,0x000000e1a5a00000)]
  0x0000023ce4f59740 JavaThread "Thread-1" daemon [_thread_blocked, id=15172, stack(0x000000e1a6300000,0x000000e1a6400000)]
  0x0000023ce4165b10 JavaThread "C2 CompilerThread1" daemon [_thread_blocked, id=9204, stack(0x000000e1a6200000,0x000000e1a6300000)]
  0x0000023ce41665b0 JavaThread "C2 CompilerThread2" daemon [_thread_blocked, id=6376, stack(0x000000e1a6400000,0x000000e1a6500000)]

Other Threads:
  0x0000023cffd80cc0 VMThread "VM Thread" [stack: 0x000000e1a4d00000,0x000000e1a4e00000] [id=26608]
  0x0000023cfb380510 WatcherThread [stack: 0x000000e1a5800000,0x000000e1a5900000] [id=3912]
  0x0000023cfb3667b0 GCTaskThread "GC Thread#0" [stack: 0x000000e1a4800000,0x000000e1a4900000] [id=24628]
  0x0000023ce48a2de0 GCTaskThread "GC Thread#1" [stack: 0x000000e1a5c00000,0x000000e1a5d00000] [id=16952]
  0x0000023ce48cff80 GCTaskThread "GC Thread#2" [stack: 0x000000e1a5d00000,0x000000e1a5e00000] [id=24788]
  0x0000023ce48d0240 GCTaskThread "GC Thread#3" [stack: 0x000000e1a5e00000,0x000000e1a5f00000] [id=19348]
  0x0000023ce4a51ae0 GCTaskThread "GC Thread#4" [stack: 0x000000e1a5f00000,0x000000e1a6000000] [id=10616]
  0x0000023ce4583620 GCTaskThread "GC Thread#5" [stack: 0x000000e1a6000000,0x000000e1a6100000] [id=24176]
  0x0000023ce4a93e60 GCTaskThread "GC Thread#6" [stack: 0x000000e1a6100000,0x000000e1a6200000] [id=21460]
  0x0000023ce4b28f50 GCTaskThread "GC Thread#7" [stack: 0x000000e1a5a00000,0x000000e1a5b00000] [id=4572]
  0x0000023ce4875ae0 GCTaskThread "GC Thread#8" [stack: 0x000000e1a5b00000,0x000000e1a5c00000] [id=28876]
  0x0000023cfb377390 ConcurrentGCThread "G1 Main Marker" [stack: 0x000000e1a4900000,0x000000e1a4a00000] [id=12864]
  0x0000023cfb379550 ConcurrentGCThread "G1 Conc#0" [stack: 0x000000e1a4a00000,0x000000e1a4b00000] [id=10576]
  0x0000023cfb3aec70 ConcurrentGCThread "G1 Refine#0" [stack: 0x000000e1a4b00000,0x000000e1a4c00000] [id=15984]
  0x0000023cffc38d10 ConcurrentGCThread "G1 Service" [stack: 0x000000e1a4c00000,0x000000e1a4d00000] [id=4888]

Threads with active compile tasks:

VM state: not at safepoint (normal execution)

VM Mutex/Monitor currently owned by a thread: None

Heap address: 0x0000000703600000, size: 4042 MB, Compressed Oops mode: Zero based, Oop shift amount: 3

CDS archive(s) mapped at: [0x0000023c9f000000-0x0000023c9fbd0000-0x0000023c9fbd0000), size 12386304, SharedBaseAddress: 0x0000023c9f000000, ArchiveRelocationMode: 1.
Compressed class space mapped at: 0x0000023ca0000000-0x0000023ce0000000, reserved size: 1073741824
Narrow klass base: 0x0000023c9f000000, Narrow klass shift: 0, Narrow klass range: 0x100000000

GC Precious Log:
 CPUs: 12 total, 12 available
 Memory: 16160M
 Large Page Support: Disabled
 NUMA Support: Disabled
 Compressed Oops: Enabled (Zero based)
 Heap Region Size: 2M
 Heap Min Capacity: 8M
 Heap Initial Capacity: 254M
 Heap Max Capacity: 4042M
 Pre-touch: Disabled
 Parallel Workers: 10
 Concurrent Workers: 3
 Concurrent Refinement Workers: 10
 Periodic GC: Disabled

Heap:
 garbage-first heap   total 260096K, used 48114K [0x0000000703600000, 0x0000000800000000)
  region size 2048K, 24 young (49152K), 1 survivors (2048K)
 Metaspace       used 14899K, committed 15104K, reserved 1114112K
  class space    used 1798K, committed 1856K, reserved 1048576K

Heap Regions: E=young(eden), S=young(survivor), O=old, HS=humongous(starts), HC=humongous(continues), CS=collection set, F=free, OA=open archive, CA=closed archive, TAMS=top-at-mark-start (previous, next)
|   0|0x0000000703600000, 0x0000000703800000, 0x0000000703800000|100%| O|  |TAMS 0x0000000703600000, 0x0000000703600000| Untracked 
|   1|0x0000000703800000, 0x0000000703960600, 0x0000000703a00000| 68%| O|  |TAMS 0x0000000703800000, 0x0000000703800000| Untracked 
|   2|0x0000000703a00000, 0x0000000703a00000, 0x0000000703c00000|  0%| F|  |TAMS 0x0000000703a00000, 0x0000000703a00000| Untracked 
|   3|0x0000000703c00000, 0x0000000703c00000, 0x0000000703e00000|  0%| F|  |TAMS 0x0000000703c00000, 0x0000000703c00000| Untracked 
|   4|0x0000000703e00000, 0x0000000703e00000, 0x0000000704000000|  0%| F|  |TAMS 0x0000000703e00000, 0x0000000703e00000| Untracked 
|   5|0x0000000704000000, 0x0000000704000000, 0x0000000704200000|  0%| F|  |TAMS 0x0000000704000000, 0x0000000704000000| Untracked 
|   6|0x0000000704200000, 0x0000000704200000, 0x0000000704400000|  0%| F|  |TAMS 0x0000000704200000, 0x0000000704200000| Untracked 
|   7|0x0000000704400000, 0x0000000704400000, 0x0000000704600000|  0%| F|  |TAMS 0x0000000704400000, 0x0000000704400000| Untracked 
|   8|0x0000000704600000, 0x0000000704600000, 0x0000000704800000|  0%| F|  |TAMS 0x0000000704600000, 0x0000000704600000| Untracked 
|   9|0x0000000704800000, 0x0000000704800000, 0x0000000704a00000|  0%| F|  |TAMS 0x0000000704800000, 0x0000000704800000| Untracked 
|  10|0x0000000704a00000, 0x0000000704a00000, 0x0000000704c00000|  0%| F|  |TAMS 0x0000000704a00000, 0x0000000704a00000| Untracked 
|  11|0x0000000704c00000, 0x0000000704c00000, 0x0000000704e00000|  0%| F|  |TAMS 0x0000000704c00000, 0x0000000704c00000| Untracked 
|  12|0x0000000704e00000, 0x0000000704e00000, 0x0000000705000000|  0%| F|  |TAMS 0x0000000704e00000, 0x0000000704e00000| Untracked 
|  13|0x0000000705000000, 0x0000000705000000, 0x0000000705200000|  0%| F|  |TAMS 0x0000000705000000, 0x0000000705000000| Untracked 
|  14|0x0000000705200000, 0x0000000705200000, 0x0000000705400000|  0%| F|  |TAMS 0x0000000705200000, 0x0000000705200000| Untracked 
|  15|0x0000000705400000, 0x0000000705400000, 0x0000000705600000|  0%| F|  |TAMS 0x0000000705400000, 0x0000000705400000| Untracked 
|  16|0x0000000705600000, 0x0000000705600000, 0x0000000705800000|  0%| F|  |TAMS 0x0000000705600000, 0x0000000705600000| Untracked 
|  17|0x0000000705800000, 0x0000000705800000, 0x0000000705a00000|  0%| F|  |TAMS 0x0000000705800000, 0x0000000705800000| Untracked 
|  18|0x0000000705a00000, 0x0000000705a00000, 0x0000000705c00000|  0%| F|  |TAMS 0x0000000705a00000, 0x0000000705a00000| Untracked 
|  19|0x0000000705c00000, 0x0000000705c00000, 0x0000000705e00000|  0%| F|  |TAMS 0x0000000705c00000, 0x0000000705c00000| Untracked 
|  20|0x0000000705e00000, 0x0000000705e00000, 0x0000000706000000|  0%| F|  |TAMS 0x0000000705e00000, 0x0000000705e00000| Untracked 
|  21|0x0000000706000000, 0x0000000706000000, 0x0000000706200000|  0%| F|  |TAMS 0x0000000706000000, 0x0000000706000000| Untracked 
|  22|0x0000000706200000, 0x0000000706200000, 0x0000000706400000|  0%| F|  |TAMS 0x0000000706200000, 0x0000000706200000| Untracked 
|  23|0x0000000706400000, 0x0000000706400000, 0x0000000706600000|  0%| F|  |TAMS 0x0000000706400000, 0x0000000706400000| Untracked 
|  24|0x0000000706600000, 0x0000000706600000, 0x0000000706800000|  0%| F|  |TAMS 0x0000000706600000, 0x0000000706600000| Untracked 
|  25|0x0000000706800000, 0x0000000706800000, 0x0000000706a00000|  0%| F|  |TAMS 0x0000000706800000, 0x0000000706800000| Untracked 
|  26|0x0000000706a00000, 0x0000000706a00000, 0x0000000706c00000|  0%| F|  |TAMS 0x0000000706a00000, 0x0000000706a00000| Untracked 
|  27|0x0000000706c00000, 0x0000000706c00000, 0x0000000706e00000|  0%| F|  |TAMS 0x0000000706c00000, 0x0000000706c00000| Untracked 
|  28|0x0000000706e00000, 0x0000000706e00000, 0x0000000707000000|  0%| F|  |TAMS 0x0000000706e00000, 0x0000000706e00000| Untracked 
|  29|0x0000000707000000, 0x0000000707000000, 0x0000000707200000|  0%| F|  |TAMS 0x0000000707000000, 0x0000000707000000| Untracked 
|  30|0x0000000707200000, 0x0000000707200000, 0x0000000707400000|  0%| F|  |TAMS 0x0000000707200000, 0x0000000707200000| Untracked 
|  31|0x0000000707400000, 0x0000000707400000, 0x0000000707600000|  0%| F|  |TAMS 0x0000000707400000, 0x0000000707400000| Untracked 
|  32|0x0000000707600000, 0x0000000707600000, 0x0000000707800000|  0%| F|  |TAMS 0x0000000707600000, 0x0000000707600000| Untracked 
|  33|0x0000000707800000, 0x0000000707800000, 0x0000000707a00000|  0%| F|  |TAMS 0x0000000707800000, 0x0000000707800000| Untracked 
|  34|0x0000000707a00000, 0x0000000707a00000, 0x0000000707c00000|  0%| F|  |TAMS 0x0000000707a00000, 0x0000000707a00000| Untracked 
|  35|0x0000000707c00000, 0x0000000707c00000, 0x0000000707e00000|  0%| F|  |TAMS 0x0000000707c00000, 0x0000000707c00000| Untracked 
|  36|0x0000000707e00000, 0x0000000707e00000, 0x0000000708000000|  0%| F|  |TAMS 0x0000000707e00000, 0x0000000707e00000| Untracked 
|  37|0x0000000708000000, 0x0000000708000000, 0x0000000708200000|  0%| F|  |TAMS 0x0000000708000000, 0x0000000708000000| Untracked 
|  38|0x0000000708200000, 0x0000000708200000, 0x0000000708400000|  0%| F|  |TAMS 0x0000000708200000, 0x0000000708200000| Untracked 
|  39|0x0000000708400000, 0x0000000708400000, 0x0000000708600000|  0%| F|  |TAMS 0x0000000708400000, 0x0000000708400000| Untracked 
|  40|0x0000000708600000, 0x0000000708600000, 0x0000000708800000|  0%| F|  |TAMS 0x0000000708600000, 0x0000000708600000| Untracked 
|  41|0x0000000708800000, 0x0000000708800000, 0x0000000708a00000|  0%| F|  |TAMS 0x0000000708800000, 0x0000000708800000| Untracked 
|  42|0x0000000708a00000, 0x0000000708a00000, 0x0000000708c00000|  0%| F|  |TAMS 0x0000000708a00000, 0x0000000708a00000| Untracked 
|  43|0x0000000708c00000, 0x0000000708c00000, 0x0000000708e00000|  0%| F|  |TAMS 0x0000000708c00000, 0x0000000708c00000| Untracked 
|  44|0x0000000708e00000, 0x0000000708e00000, 0x0000000709000000|  0%| F|  |TAMS 0x0000000708e00000, 0x0000000708e00000| Untracked 
|  45|0x0000000709000000, 0x0000000709000000, 0x0000000709200000|  0%| F|  |TAMS 0x0000000709000000, 0x0000000709000000| Untracked 
|  46|0x0000000709200000, 0x0000000709200000, 0x0000000709400000|  0%| F|  |TAMS 0x0000000709200000, 0x0000000709200000| Untracked 
|  47|0x0000000709400000, 0x0000000709400000, 0x0000000709600000|  0%| F|  |TAMS 0x0000000709400000, 0x0000000709400000| Untracked 
|  48|0x0000000709600000, 0x0000000709600000, 0x0000000709800000|  0%| F|  |TAMS 0x0000000709600000, 0x0000000709600000| Untracked 
|  49|0x0000000709800000, 0x0000000709800000, 0x0000000709a00000|  0%| F|  |TAMS 0x0000000709800000, 0x0000000709800000| Untracked 
|  50|0x0000000709a00000, 0x0000000709a00000, 0x0000000709c00000|  0%| F|  |TAMS 0x0000000709a00000, 0x0000000709a00000| Untracked 
|  51|0x0000000709c00000, 0x0000000709c00000, 0x0000000709e00000|  0%| F|  |TAMS 0x0000000709c00000, 0x0000000709c00000| Untracked 
|  52|0x0000000709e00000, 0x0000000709e00000, 0x000000070a000000|  0%| F|  |TAMS 0x0000000709e00000, 0x0000000709e00000| Untracked 
|  53|0x000000070a000000, 0x000000070a000000, 0x000000070a200000|  0%| F|  |TAMS 0x000000070a000000, 0x000000070a000000| Untracked 
|  54|0x000000070a200000, 0x000000070a200000, 0x000000070a400000|  0%| F|  |TAMS 0x000000070a200000, 0x000000070a200000| Untracked 
|  55|0x000000070a400000, 0x000000070a400000, 0x000000070a600000|  0%| F|  |TAMS 0x000000070a400000, 0x000000070a400000| Untracked 
|  56|0x000000070a600000, 0x000000070a600000, 0x000000070a800000|  0%| F|  |TAMS 0x000000070a600000, 0x000000070a600000| Untracked 
|  57|0x000000070a800000, 0x000000070a800000, 0x000000070aa00000|  0%| F|  |TAMS 0x000000070a800000, 0x000000070a800000| Untracked 
|  58|0x000000070aa00000, 0x000000070aa00000, 0x000000070ac00000|  0%| F|  |TAMS 0x000000070aa00000, 0x000000070aa00000| Untracked 
|  59|0x000000070ac00000, 0x000000070ac00000, 0x000000070ae00000|  0%| F|  |TAMS 0x000000070ac00000, 0x000000070ac00000| Untracked 
|  60|0x000000070ae00000, 0x000000070ae00000, 0x000000070b000000|  0%| F|  |TAMS 0x000000070ae00000, 0x000000070ae00000| Untracked 
|  61|0x000000070b000000, 0x000000070b000000, 0x000000070b200000|  0%| F|  |TAMS 0x000000070b000000, 0x000000070b000000| Untracked 
|  62|0x000000070b200000, 0x000000070b200000, 0x000000070b400000|  0%| F|  |TAMS 0x000000070b200000, 0x000000070b200000| Untracked 
|  63|0x000000070b400000, 0x000000070b400000, 0x000000070b600000|  0%| F|  |TAMS 0x000000070b400000, 0x000000070b400000| Untracked 
|  64|0x000000070b600000, 0x000000070b600000, 0x000000070b800000|  0%| F|  |TAMS 0x000000070b600000, 0x000000070b600000| Untracked 
|  65|0x000000070b800000, 0x000000070b800000, 0x000000070ba00000|  0%| F|  |TAMS 0x000000070b800000, 0x000000070b800000| Untracked 
|  66|0x000000070ba00000, 0x000000070ba00000, 0x000000070bc00000|  0%| F|  |TAMS 0x000000070ba00000, 0x000000070ba00000| Untracked 
|  67|0x000000070bc00000, 0x000000070bc00000, 0x000000070be00000|  0%| F|  |TAMS 0x000000070bc00000, 0x000000070bc00000| Untracked 
|  68|0x000000070be00000, 0x000000070be00000, 0x000000070c000000|  0%| F|  |TAMS 0x000000070be00000, 0x000000070be00000| Untracked 
|  69|0x000000070c000000, 0x000000070c000000, 0x000000070c200000|  0%| F|  |TAMS 0x000000070c000000, 0x000000070c000000| Untracked 
|  70|0x000000070c200000, 0x000000070c200000, 0x000000070c400000|  0%| F|  |TAMS 0x000000070c200000, 0x000000070c200000| Untracked 
|  71|0x000000070c400000, 0x000000070c400000, 0x000000070c600000|  0%| F|  |TAMS 0x000000070c400000, 0x000000070c400000| Untracked 
|  72|0x000000070c600000, 0x000000070c600000, 0x000000070c800000|  0%| F|  |TAMS 0x000000070c600000, 0x000000070c600000| Untracked 
|  73|0x000000070c800000, 0x000000070c800000, 0x000000070ca00000|  0%| F|  |TAMS 0x000000070c800000, 0x000000070c800000| Untracked 
|  74|0x000000070ca00000, 0x000000070ca00000, 0x000000070cc00000|  0%| F|  |TAMS 0x000000070ca00000, 0x000000070ca00000| Untracked 
|  75|0x000000070cc00000, 0x000000070cc00000, 0x000000070ce00000|  0%| F|  |TAMS 0x000000070cc00000, 0x000000070cc00000| Untracked 
|  76|0x000000070ce00000, 0x000000070ce00000, 0x000000070d000000|  0%| F|  |TAMS 0x000000070ce00000, 0x000000070ce00000| Untracked 
|  77|0x000000070d000000, 0x000000070d000000, 0x000000070d200000|  0%| F|  |TAMS 0x000000070d000000, 0x000000070d000000| Untracked 
|  78|0x000000070d200000, 0x000000070d200000, 0x000000070d400000|  0%| F|  |TAMS 0x000000070d200000, 0x000000070d200000| Untracked 
|  79|0x000000070d400000, 0x000000070d400000, 0x000000070d600000|  0%| F|  |TAMS 0x000000070d400000, 0x000000070d400000| Untracked 
|  80|0x000000070d600000, 0x000000070d600000, 0x000000070d800000|  0%| F|  |TAMS 0x000000070d600000, 0x000000070d600000| Untracked 
|  81|0x000000070d800000, 0x000000070d800000, 0x000000070da00000|  0%| F|  |TAMS 0x000000070d800000, 0x000000070d800000| Untracked 
|  82|0x000000070da00000, 0x000000070da00000, 0x000000070dc00000|  0%| F|  |TAMS 0x000000070da00000, 0x000000070da00000| Untracked 
|  83|0x000000070dc00000, 0x000000070dc00000, 0x000000070de00000|  0%| F|  |TAMS 0x000000070dc00000, 0x000000070dc00000| Untracked 
|  84|0x000000070de00000, 0x000000070de00000, 0x000000070e000000|  0%| F|  |TAMS 0x000000070de00000, 0x000000070de00000| Untracked 
|  85|0x000000070e000000, 0x000000070e000000, 0x000000070e200000|  0%| F|  |TAMS 0x000000070e000000, 0x000000070e000000| Untracked 
|  86|0x000000070e200000, 0x000000070e200000, 0x000000070e400000|  0%| F|  |TAMS 0x000000070e200000, 0x000000070e200000| Untracked 
|  87|0x000000070e400000, 0x000000070e400000, 0x000000070e600000|  0%| F|  |TAMS 0x000000070e400000, 0x000000070e400000| Untracked 
|  88|0x000000070e600000, 0x000000070e600000, 0x000000070e800000|  0%| F|  |TAMS 0x000000070e600000, 0x000000070e600000| Untracked 
|  89|0x000000070e800000, 0x000000070e800000, 0x000000070ea00000|  0%| F|  |TAMS 0x000000070e800000, 0x000000070e800000| Untracked 
|  90|0x000000070ea00000, 0x000000070ea00000, 0x000000070ec00000|  0%| F|  |TAMS 0x000000070ea00000, 0x000000070ea00000| Untracked 
|  91|0x000000070ec00000, 0x000000070ec00000, 0x000000070ee00000|  0%| F|  |TAMS 0x000000070ec00000, 0x000000070ec00000| Untracked 
|  92|0x000000070ee00000, 0x000000070ee00000, 0x000000070f000000|  0%| F|  |TAMS 0x000000070ee00000, 0x000000070ee00000| Untracked 
|  93|0x000000070f000000, 0x000000070f000000, 0x000000070f200000|  0%| F|  |TAMS 0x000000070f000000, 0x000000070f000000| Untracked 
|  94|0x000000070f200000, 0x000000070f200000, 0x000000070f400000|  0%| F|  |TAMS 0x000000070f200000, 0x000000070f200000| Untracked 
|  95|0x000000070f400000, 0x000000070f400000, 0x000000070f600000|  0%| F|  |TAMS 0x000000070f400000, 0x000000070f400000| Untracked 
|  96|0x000000070f600000, 0x000000070f600000, 0x000000070f800000|  0%| F|  |TAMS 0x000000070f600000, 0x000000070f600000| Untracked 
|  97|0x000000070f800000, 0x000000070f800000, 0x000000070fa00000|  0%| F|  |TAMS 0x000000070f800000, 0x000000070f800000| Untracked 
|  98|0x000000070fa00000, 0x000000070fa00000, 0x000000070fc00000|  0%| F|  |TAMS 0x000000070fa00000, 0x000000070fa00000| Untracked 
|  99|0x000000070fc00000, 0x000000070fc00000, 0x000000070fe00000|  0%| F|  |TAMS 0x000000070fc00000, 0x000000070fc00000| Untracked 
| 100|0x000000070fe00000, 0x000000070fe00000, 0x0000000710000000|  0%| F|  |TAMS 0x000000070fe00000, 0x000000070fe00000| Untracked 
| 101|0x0000000710000000, 0x0000000710000000, 0x0000000710200000|  0%| F|  |TAMS 0x0000000710000000, 0x0000000710000000| Untracked 
| 102|0x0000000710200000, 0x0000000710200000, 0x0000000710400000|  0%| F|  |TAMS 0x0000000710200000, 0x0000000710200000| Untracked 
| 103|0x0000000710400000, 0x0000000710600000, 0x0000000710600000|100%| E|  |TAMS 0x0000000710400000, 0x0000000710400000| Complete 
| 104|0x0000000710600000, 0x0000000710800000, 0x0000000710800000|100%| E|CS|TAMS 0x0000000710600000, 0x0000000710600000| Complete 
| 105|0x0000000710800000, 0x0000000710a00000, 0x0000000710a00000|100%| E|CS|TAMS 0x0000000710800000, 0x0000000710800000| Complete 
| 106|0x0000000710a00000, 0x0000000710c00000, 0x0000000710c00000|100%| E|CS|TAMS 0x0000000710a00000, 0x0000000710a00000| Complete 
| 107|0x0000000710c00000, 0x0000000710e00000, 0x0000000710e00000|100%| E|CS|TAMS 0x0000000710c00000, 0x0000000710c00000| Complete 
| 108|0x0000000710e00000, 0x0000000711000000, 0x0000000711000000|100%| E|CS|TAMS 0x0000000710e00000, 0x0000000710e00000| Complete 
| 109|0x0000000711000000, 0x0000000711200000, 0x0000000711200000|100%| E|CS|TAMS 0x0000000711000000, 0x0000000711000000| Complete 
| 110|0x0000000711200000, 0x000000071139c348, 0x0000000711400000| 80%| S|CS|TAMS 0x0000000711200000, 0x0000000711200000| Complete 
| 111|0x0000000711400000, 0x0000000711600000, 0x0000000711600000|100%| E|CS|TAMS 0x0000000711400000, 0x0000000711400000| Complete 
| 112|0x0000000711600000, 0x0000000711800000, 0x0000000711800000|100%| E|CS|TAMS 0x0000000711600000, 0x0000000711600000| Complete 
| 113|0x0000000711800000, 0x0000000711a00000, 0x0000000711a00000|100%| E|CS|TAMS 0x0000000711800000, 0x0000000711800000| Complete 
| 114|0x0000000711a00000, 0x0000000711c00000, 0x0000000711c00000|100%| E|CS|TAMS 0x0000000711a00000, 0x0000000711a00000| Complete 
| 115|0x0000000711c00000, 0x0000000711e00000, 0x0000000711e00000|100%| E|  |TAMS 0x0000000711c00000, 0x0000000711c00000| Complete 
| 116|0x0000000711e00000, 0x0000000712000000, 0x0000000712000000|100%| E|CS|TAMS 0x0000000711e00000, 0x0000000711e00000| Complete 
| 117|0x0000000712000000, 0x0000000712200000, 0x0000000712200000|100%| E|CS|TAMS 0x0000000712000000, 0x0000000712000000| Complete 
| 118|0x0000000712200000, 0x0000000712400000, 0x0000000712400000|100%| E|CS|TAMS 0x0000000712200000, 0x0000000712200000| Complete 
| 119|0x0000000712400000, 0x0000000712600000, 0x0000000712600000|100%| E|CS|TAMS 0x0000000712400000, 0x0000000712400000| Complete 
| 120|0x0000000712600000, 0x0000000712800000, 0x0000000712800000|100%| E|CS|TAMS 0x0000000712600000, 0x0000000712600000| Complete 
| 121|0x0000000712800000, 0x0000000712a00000, 0x0000000712a00000|100%| E|CS|TAMS 0x0000000712800000, 0x0000000712800000| Complete 
| 122|0x0000000712a00000, 0x0000000712c00000, 0x0000000712c00000|100%| E|CS|TAMS 0x0000000712a00000, 0x0000000712a00000| Complete 
| 123|0x0000000712c00000, 0x0000000712e00000, 0x0000000712e00000|100%| E|CS|TAMS 0x0000000712c00000, 0x0000000712c00000| Complete 
| 124|0x0000000712e00000, 0x0000000713000000, 0x0000000713000000|100%| E|CS|TAMS 0x0000000712e00000, 0x0000000712e00000| Complete 
| 125|0x0000000713000000, 0x0000000713200000, 0x0000000713200000|100%| E|CS|TAMS 0x0000000713000000, 0x0000000713000000| Complete 
| 126|0x0000000713200000, 0x0000000713400000, 0x0000000713400000|100%| E|CS|TAMS 0x0000000713200000, 0x0000000713200000| Complete 

Card table byte_map: [0x0000023cfc0f0000,0x0000023cfc8e0000] _byte_map_base: 0x0000023cf88d5000

Marking Bits (Prev, Next): (CMBitMap*) 0x0000023cfb366dd0, (CMBitMap*) 0x0000023cfb366e10
 Prev Bits: [0x0000023c967f0000, 0x0000023c9a718000)
 Next Bits: [0x0000023c9a720000, 0x0000023c9e648000)

Polling page: 0x0000023cfaab0000

Metaspace:

Usage:
  Non-class:     12.79 MB used.
      Class:      1.76 MB used.
       Both:     14.55 MB used.

Virtual space:
  Non-class space:       64.00 MB reserved,      12.94 MB ( 20%) committed,  1 nodes.
      Class space:        1.00 GB reserved,       1.81 MB ( <1%) committed,  1 nodes.
             Both:        1.06 GB reserved,      14.75 MB (  1%) committed. 

Chunk freelists:
   Non-Class:  2.41 MB
       Class:  14.01 MB
        Both:  16.42 MB

MaxMetaspaceSize: unlimited
CompressedClassSpaceSize: 1.00 GB
Initial GC threshold: 21.00 MB
Current GC threshold: 21.00 MB
CDS: on
MetaspaceReclaimPolicy: balanced
 - commit_granule_bytes: 65536.
 - commit_granule_words: 8192.
 - virtual_space_node_default_size: 8388608.
 - enlarge_chunks_in_place: 1.
 - new_chunks_are_fully_committed: 0.
 - uncommit_free_chunks: 1.
 - use_allocation_guard: 0.
 - handle_deallocations: 1.


Internal statistics:

num_allocs_failed_limit: 0.
num_arena_births: 98.
num_arena_deaths: 0.
num_vsnodes_births: 2.
num_vsnodes_deaths: 0.
num_space_committed: 236.
num_space_uncommitted: 0.
num_chunks_returned_to_freelist: 0.
num_chunks_taken_from_freelist: 619.
num_chunk_merges: 0.
num_chunk_splits: 419.
num_chunks_enlarged: 336.
num_inconsistent_stats: 0.

CodeHeap 'non-profiled nmethods': size=120000Kb used=1406Kb max_used=1406Kb free=118593Kb
 bounds [0x0000023c8f2c0000, 0x0000023c8f530000, 0x0000023c967f0000]
CodeHeap 'profiled nmethods': size=120000Kb used=6295Kb max_used=6295Kb free=113704Kb
 bounds [0x0000023c877f0000, 0x0000023c87e20000, 0x0000023c8ed20000]
CodeHeap 'non-nmethods': size=5760Kb used=1175Kb max_used=1275Kb free=4584Kb
 bounds [0x0000023c8ed20000, 0x0000023c8ef90000, 0x0000023c8f2c0000]
 total_blobs=3552 nmethods=3084 adapters=380
 compilation: enabled
              stopped_count=0, restarted_count=0
 full_count=0

Compilation events (20 events):
Event: 8.246 Thread 0x0000023c9e79c780 3074       3       java.util.regex.Pattern$GroupTail::match (111 bytes)
Event: 8.247 Thread 0x0000023c9e79c780 nmethod 3074 0x0000023c87e10d90 code [0x0000023c87e10f60, 0x0000023c87e11328]
Event: 8.248 Thread 0x0000023c9e79c780 3075       3       org.eclipse.sisu.bean.LifecycleBuilder::addLifecycleMethods (140 bytes)
Event: 8.250 Thread 0x0000023c9e79c780 nmethod 3075 0x0000023c87e11510 code [0x0000023c87e11760, 0x0000023c87e11f48]
Event: 8.252 Thread 0x0000023c9e79c780 3077       3       java.util.Arrays::binarySearch0 (72 bytes)
Event: 8.253 Thread 0x0000023c9e79c780 nmethod 3077 0x0000023c87e12210 code [0x0000023c87e123c0, 0x0000023c87e12658]
Event: 8.253 Thread 0x0000023c9e79c780 3076       3       java.util.Arrays::binarySearch (15 bytes)
Event: 8.253 Thread 0x0000023c9e79c780 nmethod 3076 0x0000023c87e12790 code [0x0000023c87e12940, 0x0000023c87e12ab8]
Event: 8.256 Thread 0x0000023c9e79c780 3078       1       org.apache.maven.model.building.DefaultModelBuildingRequest::getModelCache (5 bytes)
Event: 8.257 Thread 0x0000023c9e79c780 nmethod 3078 0x0000023c8f415310 code [0x0000023c8f4154a0, 0x0000023c8f415578]
Event: 8.257 Thread 0x0000023c9e79c780 3079       1       org.apache.maven.repository.internal.DefaultModelCache$Key::hashCode (5 bytes)
Event: 8.257 Thread 0x0000023c9e79c780 nmethod 3079 0x0000023c8f415610 code [0x0000023c8f4157a0, 0x0000023c8f415878]
Event: 8.258 Thread 0x0000023c9e79c780 3080   !   3       org.apache.maven.model.DependencyManagement::clone (137 bytes)
Event: 8.262 Thread 0x0000023c9e79c780 nmethod 3080 0x0000023c87e12b90 code [0x0000023c87e12ee0, 0x0000023c87e14308]
Event: 8.262 Thread 0x0000023c9e79c780 3081       3       org.apache.maven.model.DependencyManagement::getDependencies (23 bytes)
Event: 8.264 Thread 0x0000023c9e79c780 nmethod 3081 0x0000023c87e14b90 code [0x0000023c87e14d60, 0x0000023c87e15158]
Event: 8.272 Thread 0x0000023c9e79c780 3083       3       java.util.TreeMap::compare (32 bytes)
Event: 8.272 Thread 0x0000023c9e79c780 nmethod 3083 0x0000023c87e15290 code [0x0000023c87e15460, 0x0000023c87e15898]
Event: 8.273 Thread 0x0000023c9e79c780 3084       3       java.lang.ThreadLocal$ThreadLocalMap::nextIndex (15 bytes)
Event: 8.273 Thread 0x0000023c9e79c780 nmethod 3084 0x0000023c87e15990 code [0x0000023c87e15b20, 0x0000023c87e15c58]

GC Heap History (4 events):
Event: 2.379 GC heap before
{Heap before GC invocations=0 (full 0):
 garbage-first heap   total 260096K, used 22528K [0x0000000703600000, 0x0000000800000000)
  region size 2048K, 11 young (22528K), 0 survivors (0K)
 Metaspace       used 5425K, committed 5632K, reserved 1114112K
  class space    used 655K, committed 768K, reserved 1048576K
}
Event: 2.394 GC heap after
{Heap after GC invocations=1 (full 0):
 garbage-first heap   total 260096K, used 3711K [0x0000000703600000, 0x0000000800000000)
  region size 2048K, 2 young (4096K), 2 survivors (4096K)
 Metaspace       used 5425K, committed 5632K, reserved 1114112K
  class space    used 655K, committed 768K, reserved 1048576K
}
Event: 4.163 GC heap before
{Heap before GC invocations=1 (full 0):
 garbage-first heap   total 260096K, used 32383K [0x0000000703600000, 0x0000000800000000)
  region size 2048K, 16 young (32768K), 2 survivors (4096K)
 Metaspace       used 9142K, committed 9280K, reserved 1114112K
  class space    used 1109K, committed 1216K, reserved 1048576K
}
Event: 4.178 GC heap after
{Heap after GC invocations=2 (full 0):
 garbage-first heap   total 260096K, used 5106K [0x0000000703600000, 0x0000000800000000)
  region size 2048K, 1 young (2048K), 1 survivors (2048K)
 Metaspace       used 9142K, committed 9280K, reserved 1114112K
  class space    used 1109K, committed 1216K, reserved 1048576K
}

Deoptimization events (20 events):
Event: 7.674 Thread 0x0000023cfb2f9680 DEOPT PACKING pc=0x0000023c8f2ce7fc sp=0x000000e1a47fd6e0
Event: 7.674 Thread 0x0000023cfb2f9680 DEOPT UNPACKING pc=0x0000023c8ed723a3 sp=0x000000e1a47fd610 mode 2
Event: 7.675 Thread 0x0000023cfb2f9680 Uncommon trap: trap_request=0xffffff45 fr.pc=0x0000023c8f2ed484 relative=0x00000000000004e4
Event: 7.675 Thread 0x0000023cfb2f9680 Uncommon trap: reason=unstable_if action=reinterpret pc=0x0000023c8f2ed484 method=java.lang.String.substring(II)Ljava/lang/String; @ 31 c2
Event: 7.675 Thread 0x0000023cfb2f9680 DEOPT PACKING pc=0x0000023c8f2ed484 sp=0x000000e1a47fd670
Event: 7.675 Thread 0x0000023cfb2f9680 DEOPT UNPACKING pc=0x0000023c8ed723a3 sp=0x000000e1a47fd640 mode 2
Event: 8.153 Thread 0x0000023cfb2f9680 DEOPT PACKING pc=0x0000023c87d51165 sp=0x000000e1a47fd7b0
Event: 8.153 Thread 0x0000023cfb2f9680 DEOPT UNPACKING pc=0x0000023c8ed72b43 sp=0x000000e1a47fccb8 mode 0
Event: 8.170 Thread 0x0000023cfb2f9680 Uncommon trap: trap_request=0xffffff45 fr.pc=0x0000023c8f2d79e4 relative=0x00000000000001c4
Event: 8.170 Thread 0x0000023cfb2f9680 Uncommon trap: reason=unstable_if action=reinterpret pc=0x0000023c8f2d79e4 method=java.lang.String.indexOf(II)I @ 4 c2
Event: 8.170 Thread 0x0000023cfb2f9680 DEOPT PACKING pc=0x0000023c8f2d79e4 sp=0x000000e1a47fd7f0
Event: 8.170 Thread 0x0000023cfb2f9680 DEOPT UNPACKING pc=0x0000023c8ed723a3 sp=0x000000e1a47fd790 mode 2
Event: 8.201 Thread 0x0000023cfb2f9680 Uncommon trap: trap_request=0xffffff45 fr.pc=0x0000023c8f3f3d1c relative=0x000000000000009c
Event: 8.201 Thread 0x0000023cfb2f9680 Uncommon trap: reason=unstable_if action=reinterpret pc=0x0000023c8f3f3d1c method=org.apache.maven.model.validation.DefaultModelValidator.isValidIdCharacter(C)Z @ 51 c2
Event: 8.201 Thread 0x0000023cfb2f9680 DEOPT PACKING pc=0x0000023c8f3f3d1c sp=0x000000e1a47fd9f0
Event: 8.201 Thread 0x0000023cfb2f9680 DEOPT UNPACKING pc=0x0000023c8ed723a3 sp=0x000000e1a47fd988 mode 2
Event: 8.225 Thread 0x0000023cfb2f9680 DEOPT PACKING pc=0x0000023c87cd0f9e sp=0x000000e1a47fd390
Event: 8.225 Thread 0x0000023cfb2f9680 DEOPT UNPACKING pc=0x0000023c8ed72b43 sp=0x000000e1a47fc8b8 mode 0
Event: 8.283 Thread 0x0000023cfb2f9680 DEOPT PACKING pc=0x0000023c87cd0f7d sp=0x000000e1a47fd490
Event: 8.283 Thread 0x0000023cfb2f9680 DEOPT UNPACKING pc=0x0000023c8ed72b43 sp=0x000000e1a47fc9b8 mode 0

Classes unloaded (0 events):
No events

Classes redefined (0 events):
No events

Internal exceptions (20 events):
Event: 1.711 Thread 0x0000023cfb2f9680 Exception <a 'java/lang/NoSuchMethodError'{0x000000071275d350}: 'void java.lang.invoke.DirectMethodHandle$Holder.invokeSpecial(java.lang.Object, java.lang.Object, java.lang.Object)'> (0x000000071275d350) 
thrown [s\open\src\hotspot\share\interpreter\linkResolver.cpp, line 759]
Event: 1.838 Thread 0x0000023cfb2f9680 Exception <a 'java/lang/NoSuchMethodError'{0x00000007124b7b70}: 'java.lang.Object java.lang.invoke.DirectMethodHandle$Holder.invokeInterface(java.lang.Object, java.lang.Object)'> (0x00000007124b7b70) 
thrown [s\open\src\hotspot\share\interpreter\linkResolver.cpp, line 759]
Event: 1.903 Thread 0x0000023cfb2f9680 Exception <a 'java/lang/NoSuchMethodError'{0x000000071255f6c0}: 'java.lang.Object java.lang.invoke.Invokers$Holder.invokeExact_MT(java.lang.Object, java.lang.Object, java.lang.Object, java.lang.Object, java.lang.Object, java.lang.Object)'> (0x000000071255f6c0) 
thrown [s\open\src\hotspot\share\interpreter\linkResolver.cpp, line 759]
Event: 1.912 Thread 0x0000023cfb2f9680 Exception <a 'java/lang/NoSuchMethodError'{0x0000000712570f20}: 'int java.lang.invoke.DirectMethodHandle$Holder.invokeSpecialIFC(java.lang.Object, java.lang.Object, java.lang.Object, java.lang.Object, java.lang.Object)'> (0x0000000712570f20) 
thrown [s\open\src\hotspot\share\interpreter\linkResolver.cpp, line 759]
Event: 2.070 Thread 0x0000023cfb2f9680 Exception <a 'java/lang/NoSuchMethodError'{0x0000000712310520}: 'java.lang.Object java.lang.invoke.DirectMethodHandle$Holder.newInvokeSpecial(java.lang.Object, java.lang.Object, java.lang.Object, java.lang.Object, java.lang.Object)'> (0x0000000712310520) 
thrown [s\open\src\hotspot\share\interpreter\linkResolver.cpp, line 759]
Event: 2.162 Thread 0x0000023cfb2f9680 Exception <a 'java/lang/NoSuchMethodError'{0x00000007120161b8}: 'int java.lang.invoke.DirectMethodHandle$Holder.invokeStaticInit(java.lang.Object, java.lang.Object)'> (0x00000007120161b8) 
thrown [s\open\src\hotspot\share\interpreter\linkResolver.cpp, line 759]
Event: 2.196 Thread 0x0000023cfb2f9680 Exception <a 'java/lang/NoClassDefFoundError'{0x000000071204dee0}: javax/enterprise/inject/Typed> (0x000000071204dee0) 
thrown [s\open\src\hotspot\share\classfile\systemDictionary.cpp, line 245]
Event: 4.684 Thread 0x0000023cfb2f9680 Exception <a 'java/lang/NoSuchMethodError'{0x0000000712c76c38}: 'void java.lang.invoke.DirectMethodHandle$Holder.invokeStaticInit(java.lang.Object, java.lang.Object, java.lang.Object)'> (0x0000000712c76c38) 
thrown [s\open\src\hotspot\share\interpreter\linkResolver.cpp, line 759]
Event: 4.700 Thread 0x0000023cfb2f9680 Exception <a 'java/lang/ExceptionInInitializerError'{0x0000000712ca1d78}> (0x0000000712ca1d78) 
thrown [s\open\src\hotspot\share\oops\instanceKlass.cpp, line 1216]
Event: 4.800 Thread 0x0000023cfb2f9680 Implicit null exception at 0x0000023c8f33f82f to 0x0000023c8f33f994
Event: 4.805 Thread 0x0000023cfb2f9680 Exception <a 'java/lang/NoSuchMethodError'{0x0000000712daf6b0}: 'java.lang.Object java.lang.invoke.Invokers$Holder.invokeExact_MT(java.lang.Object, int, java.lang.Object)'> (0x0000000712daf6b0) 
thrown [s\open\src\hotspot\share\interpreter\linkResolver.cpp, line 759]
Event: 4.835 Thread 0x0000023cfb2f9680 Exception <a 'java/lang/NoSuchMethodError'{0x0000000712a1a060}: 'int java.lang.invoke.DirectMethodHandle$Holder.invokeSpecial(java.lang.Object, java.lang.Object, java.lang.Object, java.lang.Object)'> (0x0000000712a1a060) 
thrown [s\open\src\hotspot\share\interpreter\linkResolver.cpp, line 759]
Event: 5.600 Thread 0x0000023cfb2f9680 Exception <a 'java/lang/NoClassDefFoundError'{0x0000000712232420}: com/google/inject/servlet/ServletModuleTargetVisitor> (0x0000000712232420) 
thrown [s\open\src\hotspot\share\classfile\systemDictionary.cpp, line 245]
Event: 5.766 Thread 0x0000023cfb2f9680 Exception <a 'java/lang/NoSuchMethodError'{0x00000007123c3758}: 'void java.lang.invoke.DirectMethodHandle$Holder.invokeVirtual(java.lang.Object, java.lang.Object)'> (0x00000007123c3758) 
thrown [s\open\src\hotspot\share\interpreter\linkResolver.cpp, line 759]
Event: 5.863 Thread 0x0000023cfb2f9680 Exception <a 'java/lang/NoSuchMethodError'{0x000000071203bf58}: 'java.lang.Object java.lang.invoke.DirectMethodHandle$Holder.invokeStaticInit(java.lang.Object, int, int, int, int)'> (0x000000071203bf58) 
thrown [s\open\src\hotspot\share\interpreter\linkResolver.cpp, line 759]
Event: 6.267 Thread 0x0000023cfb2f9680 Implicit null exception at 0x0000023c8f2e49f2 to 0x0000023c8f2e504c
Event: 6.267 Thread 0x0000023cfb2f9680 Implicit null exception at 0x0000023c8f2e76f2 to 0x0000023c8f2e7d6c
Event: 6.388 Thread 0x0000023cfb2f9680 Exception <a 'java/lang/NoSuchMethodError'{0x0000000711b59298}: 'void java.lang.invoke.DirectMethodHandle$Holder.invokeSpecial(java.lang.Object, java.lang.Object, java.lang.Object, java.lang.Object, java.lang.Object)'> (0x0000000711b59298) 
thrown [s\open\src\hotspot\share\interpreter\linkResolver.cpp, line 759]
Event: 6.401 Thread 0x0000023cfb2f9680 Exception <a 'java/lang/NoSuchMethodError'{0x0000000711b76920}: 'void java.lang.invoke.DirectMethodHandle$Holder.invokeSpecial(java.lang.Object, java.lang.Object, java.lang.Object, java.lang.Object, java.lang.Object, java.lang.Object)'> (0x0000000711b76920) 
thrown [s\open\src\hotspot\share\interpreter\linkResolver.cpp, line 759]
Event: 6.448 Thread 0x0000023cfb2f9680 Exception <a 'java/lang/NoSuchMethodError'{0x000000071186e750}: 'java.lang.Object java.lang.invoke.DirectMethodHandle$Holder.invokeVirtual(java.lang.Object, java.lang.Object, java.lang.Object)'> (0x000000071186e750) 
thrown [s\open\src\hotspot\share\interpreter\linkResolver.cpp, line 759]

VM Operations (20 events):
Event: 5.100 Executing VM operation: ICBufferFull
Event: 5.100 Executing VM operation: ICBufferFull done
Event: 5.133 Executing VM operation: HandshakeAllThreads
Event: 5.133 Executing VM operation: HandshakeAllThreads done
Event: 5.517 Executing VM operation: HandshakeAllThreads
Event: 5.517 Executing VM operation: HandshakeAllThreads done
Event: 5.812 Executing VM operation: HandshakeAllThreads
Event: 5.813 Executing VM operation: HandshakeAllThreads done
Event: 5.911 Executing VM operation: HandshakeAllThreads
Event: 5.911 Executing VM operation: HandshakeAllThreads done
Event: 6.146 Executing VM operation: HandshakeAllThreads
Event: 6.146 Executing VM operation: HandshakeAllThreads done
Event: 6.146 Executing VM operation: Cleanup
Event: 6.147 Executing VM operation: Cleanup done
Event: 6.149 Executing VM operation: HandshakeAllThreads
Event: 6.150 Executing VM operation: HandshakeAllThreads done
Event: 7.148 Executing VM operation: Cleanup
Event: 7.157 Executing VM operation: Cleanup done
Event: 8.163 Executing VM operation: Cleanup
Event: 8.164 Executing VM operation: Cleanup done

Events (20 events):
Event: 6.362 loading class java/util/AbstractMap$2
Event: 6.363 loading class java/util/AbstractMap$2 done
Event: 6.363 loading class java/util/AbstractMap$2$1
Event: 6.363 loading class java/util/AbstractMap$2$1 done
Event: 6.392 loading class java/lang/invoke/MethodHandle$1
Event: 6.392 loading class java/lang/invoke/MethodHandle$1 done
Event: 6.507 loading class sun/util/resources/LocaleData$CommonResourceBundleProvider
Event: 6.507 loading class sun/util/resources/LocaleData$LocaleDataResourceBundleProvider
Event: 6.507 loading class java/util/spi/ResourceBundleProvider
Event: 6.508 loading class java/util/spi/ResourceBundleProvider done
Event: 6.508 loading class sun/util/resources/LocaleData$LocaleDataResourceBundleProvider done
Event: 6.508 loading class sun/util/resources/LocaleData$CommonResourceBundleProvider done
Event: 6.509 loading class sun/util/resources/Bundles$2
Event: 6.510 loading class sun/util/resources/Bundles$2 done
Event: 6.555 Thread 0x0000023ce4168590 Thread added: 0x0000023ce4168590
Event: 6.835 loading class java/util/stream/Streams$RangeIntSpliterator
Event: 6.837 loading class java/util/stream/Streams$RangeIntSpliterator done
Event: 8.027 Thread 0x0000023ce4168590 Thread exited: 0x0000023ce4168590
Event: 8.041 Thread 0x0000023ce4165b10 Thread exited: 0x0000023ce4165b10
Event: 8.229 Thread 0x0000023ce4165b10 Thread added: 0x0000023ce4165b10


Dynamic libraries:
0x00007ff763b40000 - 0x00007ff763b50000 	C:\Program Files\jdk-17.0.12_windows-x64_bin\jdk-17.0.12\bin\java.exe
0x00007ff896d70000 - 0x00007ff896f87000 	C:\WINDOWS\SYSTEM32\ntdll.dll
0x00007ff894f10000 - 0x00007ff894fd4000 	C:\WINDOWS\System32\KERNEL32.DLL
0x00007ff893f00000 - 0x00007ff8942d3000 	C:\WINDOWS\System32\KERNELBASE.dll
0x00007ff894580000 - 0x00007ff894691000 	C:\WINDOWS\System32\ucrtbase.dll
0x00007ff87f110000 - 0x00007ff87f12b000 	C:\Program Files\jdk-17.0.12_windows-x64_bin\jdk-17.0.12\bin\VCRUNTIME140.dll
0x00007ff880360000 - 0x00007ff880379000 	C:\Program Files\jdk-17.0.12_windows-x64_bin\jdk-17.0.12\bin\jli.dll
0x00007ff894a10000 - 0x00007ff894ac1000 	C:\WINDOWS\System32\ADVAPI32.dll
0x00007ff894d00000 - 0x00007ff894da7000 	C:\WINDOWS\System32\msvcrt.dll
0x00007ff8956d0000 - 0x00007ff895778000 	C:\WINDOWS\System32\sechost.dll
0x00007ff894360000 - 0x00007ff894388000 	C:\WINDOWS\System32\bcrypt.dll
0x00007ff896520000 - 0x00007ff896634000 	C:\WINDOWS\System32\RPCRT4.dll
0x00007ff894ad0000 - 0x00007ff894c81000 	C:\WINDOWS\System32\USER32.dll
0x00007ff894550000 - 0x00007ff894576000 	C:\WINDOWS\System32\win32u.dll
0x00007ff87f650000 - 0x00007ff87f8e8000 	C:\WINDOWS\WinSxS\amd64_microsoft.windows.common-controls_6595b64144ccf1df_6.0.22621.5124_none_270e8f4f7386d69d\COMCTL32.dll
0x00007ff8957e0000 - 0x00007ff895809000 	C:\WINDOWS\System32\GDI32.dll
0x00007ff894390000 - 0x00007ff8944ab000 	C:\WINDOWS\System32\gdi32full.dll
0x00007ff8944b0000 - 0x00007ff89454a000 	C:\WINDOWS\System32\msvcp_win.dll
0x00007ff88c2b0000 - 0x00007ff88c2ba000 	C:\WINDOWS\SYSTEM32\VERSION.dll
0x00007ff896640000 - 0x00007ff896671000 	C:\WINDOWS\System32\IMM32.DLL
0x00007ff88e600000 - 0x00007ff88e60c000 	C:\Program Files\jdk-17.0.12_windows-x64_bin\jdk-17.0.12\bin\vcruntime140_1.dll
0x00007ff87e240000 - 0x00007ff87e2ce000 	C:\Program Files\jdk-17.0.12_windows-x64_bin\jdk-17.0.12\bin\msvcp140.dll
0x00007ffffa1b0000 - 0x00007ffffad90000 	C:\Program Files\jdk-17.0.12_windows-x64_bin\jdk-17.0.12\bin\server\jvm.dll
0x00007ff896a00000 - 0x00007ff896a08000 	C:\WINDOWS\System32\PSAPI.DLL
0x00007ff88e640000 - 0x00007ff88e674000 	C:\WINDOWS\SYSTEM32\WINMM.dll
0x00007ff874470000 - 0x00007ff874479000 	C:\WINDOWS\SYSTEM32\WSOCK32.dll
0x00007ff896ba0000 - 0x00007ff896c11000 	C:\WINDOWS\System32\WS2_32.dll
0x00007ff892e80000 - 0x00007ff892e98000 	C:\WINDOWS\SYSTEM32\kernel.appcore.dll
0x00007ff88e5e0000 - 0x00007ff88e5ea000 	C:\Program Files\jdk-17.0.12_windows-x64_bin\jdk-17.0.12\bin\jimage.dll
0x00007ff891720000 - 0x00007ff891952000 	C:\WINDOWS\SYSTEM32\DBGHELP.DLL
0x00007ff895810000 - 0x00007ff895ba2000 	C:\WINDOWS\System32\combase.dll
0x00007ff8950a0000 - 0x00007ff895177000 	C:\WINDOWS\System32\OLEAUT32.dll
0x00007ff88ae70000 - 0x00007ff88aea2000 	C:\WINDOWS\SYSTEM32\dbgcore.DLL
0x00007ff8942e0000 - 0x00007ff89435b000 	C:\WINDOWS\System32\bcryptPrimitives.dll
0x00007ff87f020000 - 0x00007ff87f045000 	C:\Program Files\jdk-17.0.12_windows-x64_bin\jdk-17.0.12\bin\java.dll
0x00007ff840820000 - 0x00007ff8408f7000 	C:\Program Files\jdk-17.0.12_windows-x64_bin\jdk-17.0.12\bin\jsvml.dll
0x00007ff895bb0000 - 0x00007ff896446000 	C:\WINDOWS\System32\SHELL32.dll
0x00007ff8948d0000 - 0x00007ff894a0f000 	C:\WINDOWS\System32\wintypes.dll
0x00007ff891d50000 - 0x00007ff89266a000 	C:\WINDOWS\SYSTEM32\windows.storage.dll
0x00007ff896c20000 - 0x00007ff896d2a000 	C:\WINDOWS\System32\SHCORE.dll
0x00007ff894c90000 - 0x00007ff894cf3000 	C:\WINDOWS\System32\shlwapi.dll
0x00007ff893db0000 - 0x00007ff893ddb000 	C:\WINDOWS\SYSTEM32\profapi.dll
0x00007ff87f0f0000 - 0x00007ff87f109000 	C:\Program Files\jdk-17.0.12_windows-x64_bin\jdk-17.0.12\bin\net.dll
0x00007ff88e320000 - 0x00007ff88e44c000 	C:\WINDOWS\SYSTEM32\WINHTTP.dll
0x00007ff893310000 - 0x00007ff89337a000 	C:\WINDOWS\system32\mswsock.dll
0x00007ff87f070000 - 0x00007ff87f086000 	C:\Program Files\jdk-17.0.12_windows-x64_bin\jdk-17.0.12\bin\nio.dll
0x00007ff87ef40000 - 0x00007ff87ef58000 	C:\Program Files\jdk-17.0.12_windows-x64_bin\jdk-17.0.12\bin\zip.dll
0x00007ff85cd50000 - 0x00007ff85cd74000 	C:\Program Files\apache-maven-3.9.9\lib\jansi-native\Windows\x86_64\jansi.dll
0x00007ff8883c0000 - 0x00007ff8883d0000 	C:\Program Files\jdk-17.0.12_windows-x64_bin\jdk-17.0.12\bin\verify.dll

dbghelp: loaded successfully - version: 4.0.5 - missing functions: none
symbol engine: initialized successfully - sym options: 0x614 - pdb path: .;C:\Program Files\jdk-17.0.12_windows-x64_bin\jdk-17.0.12\bin;C:\WINDOWS\SYSTEM32;C:\WINDOWS\WinSxS\amd64_microsoft.windows.common-controls_6595b64144ccf1df_6.0.22621.5124_none_270e8f4f7386d69d;C:\Program Files\jdk-17.0.12_windows-x64_bin\jdk-17.0.12\bin\server;C:\Program Files\apache-maven-3.9.9\lib\jansi-native\Windows\x86_64

VM Arguments:
jvm_args: -Dclassworlds.conf=C:\Program Files\apache-maven-3.9.9\bin\m2.conf -Dmaven.home=C:\Program Files\apache-maven-3.9.9 -Dlibrary.jansi.path=C:\Program Files\apache-maven-3.9.9\lib\jansi-native -Dmaven.multiModuleProjectDirectory=C:\Users\hp\IdeaProjects\CMO connect\backend-web 
java_command: org.codehaus.plexus.classworlds.launcher.Launcher spring-boot:run
java_class_path (initial): C:\Program Files\apache-maven-3.9.9\boot\plexus-classworlds-2.8.0.jar
Launcher Type: SUN_STANDARD

[Global flags]
     intx CICompilerCount                          = 4                                         {product} {ergonomic}
     uint ConcGCThreads                            = 3                                         {product} {ergonomic}
     uint G1ConcRefinementThreads                  = 10                                        {product} {ergonomic}
   size_t G1HeapRegionSize                         = 2097152                                   {product} {ergonomic}
    uintx GCDrainStackTargetSize                   = 64                                        {product} {ergonomic}
   size_t InitialHeapSize                          = 266338304                                 {product} {ergonomic}
   size_t MarkStackSize                            = 4194304                                   {product} {ergonomic}
   size_t MaxHeapSize                              = 4238344192                                {product} {ergonomic}
   size_t MaxNewSize                               = 2541748224                                {product} {ergonomic}
   size_t MinHeapDeltaBytes                        = 2097152                                   {product} {ergonomic}
   size_t MinHeapSize                              = 8388608                                   {product} {ergonomic}
    uintx NonNMethodCodeHeapSize                   = 5839372                                {pd product} {ergonomic}
    uintx NonProfiledCodeHeapSize                  = 122909434                              {pd product} {ergonomic}
    uintx ProfiledCodeHeapSize                     = 122909434                              {pd product} {ergonomic}
    uintx ReservedCodeCacheSize                    = 251658240                              {pd product} {ergonomic}
     bool SegmentedCodeCache                       = true                                      {product} {ergonomic}
   size_t SoftMaxHeapSize                          = 4238344192                             {manageable} {ergonomic}
     bool UseCompressedClassPointers               = true                           {product lp64_product} {ergonomic}
     bool UseCompressedOops                        = true                           {product lp64_product} {ergonomic}
     bool UseG1GC                                  = true                                      {product} {ergonomic}
     bool UseLargePagesIndividualAllocation        = false                                  {pd product} {ergonomic}

Logging:
Log output configuration:
 #0: stdout all=warning uptime,level,tags
 #1: stderr all=off uptime,level,tags

Environment Variables:
JAVA_HOME=C:\Program Files\jdk-17.0.12_windows-x64_bin\jdk-17.0.12
PATH=C:\Program Files\jdk-17.0.12_windows-x64_bin\jdk-17.0.12\bin;C:\Program Files\Common Files\Oracle\Java\javapath;C:\Program Files (x86)\Common Files\Oracle\Java\javapath;C:\Program Files\jdk-17.0.12_windows-x64_bin\jdk-17.0.12\bin;C:\xampp\php;C:\db_home\bin;C:\Program Files\wkhtmltopdf\bin;C:\Program Files (x86)\VMware\VMware Workstation\bin\;C:\Program Files (x86)\Common Files\Intel\Shared Libraries\redist\intel64\compiler;C:\windows\system32;C:\windows;C:\windows\System32\Wbem;C:\windows\System32\WindowsPowerShell\v1.0\;C:\windows\System32\OpenSSH\;C:\Program Files (x86)\NVIDIA Corporation\PhysX\Common;C:\Program Files\NVIDIA Corporation\NVIDIA NvDLISR;C:\WINDOWS\system32;C:\WINDOWS;C:\WINDOWS\System32\Wbem;C:\WINDOWS\System32\WindowsPowerShell\v1.0\;C:\WINDOWS\System32\OpenSSH\;C:\Program Files\dotnet\;C:\Program Files\Azure Data Studio\bin;C:\Program Files\Microsoft SQL Server\Client SDK\ODBC\110\Tools\Binn\;C:\Program Files (x86)\Microsoft SQL Server\120\Tools\Binn\;C:\Program Files\Microsoft SQL Server\120\Tools\Binn\;C:\Program Files\Microsoft SQL Server\120\DTS\Binn\;C:\Program Files (x86)\Microsoft SQL Server\120\Tools\Binn\ManagementStudio\;C:\Program Files (x86)\Microsoft SQL Server\120\DTS\Binn\;C:\Program Files\Microsoft SQL Server\130\Tools\Binn\;C:\Program Files\Microsoft SQL Server\Client SDK\ODBC\170\Tools\Binn\;C:\Program Files\Docker\Docker\resources\bin;C:\Program Files (x86)\Microsoft SQL Server\160\DTS\Binn\;C:\WINDOWS\system32;C:\WINDOWS;C:\WINDOWS\System32\Wbem;C:\WINDOWS\System32\WindowsPowerShell\v1.0\;C:\WINDOWS\System32\OpenSSH\;C:\Program Files\Microsoft SQL Server\150\Tools\Binn\;C:\Program Files\Git\cmd;C:\Users\hp\AppData\Roaming\Microsoft\Windows\Start Menu\Programs\MongoDB Inc;C:\hive\bin;C:\derby\bin;C:\Program Files\Eclipse Adoptium\jdk-21.0.5.11-hotspot\bin;C:\hadoop-3.3.6\bin;C:\hadoop-3.3.6\sbin;C:\Program Files\flutter\bin;C:\Program Files\apache-maven-3.9.9\bin;C:\Program Files (x86)\Windows Kits\10\Windows Performance Tool
USERNAME=hp
LANG=en_US.UTF-8
OS=Windows_NT
PROCESSOR_IDENTIFIER=Intel64 Family 6 Model 165 Stepping 2, GenuineIntel



---------------  S Y S T E M  ---------------

OS:
 Windows 11 , 64 bit Build 22621 (10.0.22621.5124)
OS uptime: 0 days 22:51 hours
Hyper-V role detected

CPU: total 12 (initial active 12) (6 cores per cpu, 2 threads per core) family 6 model 165 stepping 2 microcode 0xf0, cx8, cmov, fxsr, ht, mmx, 3dnowpref, sse, sse2, sse3, ssse3, sse4.1, sse4.2, popcnt, lzcnt, tsc, tscinvbit, avx, avx2, aes, erms, clmul, bmi1, bmi2, adx, fma, vzeroupper, clflush, clflushopt, hv

Memory: 4k page, system-wide physical 16160M (2164M free)
TotalPageFile size 21792M (AvailPageFile size 2448M)
current process WorkingSet (physical memory assigned to process): 134M, peak: 138M
current process commit charge ("private bytes"): 390M, peak: 397M

vm_info: Java HotSpot(TM) 64-Bit Server VM (17.0.12+8-LTS-286) for windows-amd64 JRE (17.0.12+8-LTS-286), built on Jun  5 2024 06:46:59 by "mach5one" with MS VC++ 17.6 (VS2022)

END.
